<?xml version="1.0" encoding="UTF-8"?>
<!-- Generated by org.testng.reporters.JUnitXMLReporter -->
<testsuite ignored="0" hostname="Atul" failures="0" tests="3" name="Default test" time="101.727" errors="0" timestamp="2026-09-17T14:07:40 IST">
  <testcase classname="com.vTiger.crm.contactsTest.CreateContactTest" name="createContactTest" time="79.393"/>
  <testcase classname="com.vTiger.crm.contactsTest.CreateContactTest" name="createContactWithEndDateTest" time="2.974"/>
  <testcase classname="com.vTiger.crm.contactsTest.CreateContactTest" name="createContactWithOrgTest" time="8.25"/>
</testsuite> <!-- Default test -->
