<?xml version="1.0" encoding="UTF-8"?>
<!-- Generated by org.testng.reporters.JUnitXMLReporter -->
<testsuite ignored="0" hostname="Atul" failures="0" tests="3" name="Contact" time="22.946" errors="0" timestamp="2026-09-08T22:18:25 IST">
  <testcase classname="com.vTiger.crm.contactsTest.CreateContactTest" name="createContactTest" time="3.866"/>
  <testcase classname="com.vTiger.crm.contactsTest.CreateContactTest" name="createContactWithEndDateTest" time="3.276"/>
  <testcase classname="com.vTiger.crm.contactsTest.CreateContactTest" name="createContactWithOrgTest" time="7.356"/>
</testsuite> <!-- Contact -->
