<?xml version="1.0" encoding="UTF-8"?>
<!-- Generated by org.testng.reporters.JUnitXMLReporter -->
<testsuite ignored="0" hostname="Atul" failures="0" tests="4" name="OrganizationTest" time="24.261" errors="0" timestamp="2026-09-08T14:22:13 IST">
  <testcase classname="com.vTiger.crm.organizationTest.CreateOrganizationTest" name="createOrgWithPhoneTest" time="4.629"/>
  <testcase classname="com.vTiger.crm.organizationTest.CreateOrganizationTest" name="createOrgWithIndustryTest" time="3.495"/>
  <testcase classname="com.vTiger.crm.organizationTest.CreateOrganizationTest" name="createOrgTest" time="2.972"/>
  <testcase classname="com.vTiger.crm.organizationTest.CreateOrganizationTest" name="createOrgTest" time="3.511"/>
</testsuite> <!-- OrganizationTest -->
