<?xml version="1.0" encoding="UTF-8"?>
<!-- Generated by org.testng.reporters.JUnitXMLReporter -->
<testsuite ignored="0" hostname="Atul" failures="0" tests="3" name="Organization" time="18.74" errors="0" timestamp="2026-09-08T22:18:21 IST">
  <testcase classname="com.vTiger.crm.organizationTest.CreateOrganizationTest" name="createOrgTest" time="4.109"/>
  <testcase classname="com.vTiger.crm.organizationTest.CreateOrganizationTest" name="createOrgWithIndustryTest" time="3.382"/>
  <testcase classname="com.vTiger.crm.organizationTest.CreateOrganizationTest" name="createOrgWithPhoneTest" time="3.67"/>
</testsuite> <!-- Organization -->
