<?xml version="1.0" encoding="UTF-8"?>
<!-- Generated by org.testng.reporters.JUnitXMLReporter -->
<testsuite ignored="2" hostname="Atul" failures="0" tests="6" name="Test 2" time="41.515" errors="0" timestamp="2026-09-08T21:55:15 IST">
  <testcase classname="com.vTiger.crm.contactsTest.CreateContactTest" name="createContactTest" time="3.353"/>
  <testcase classname="com.vTiger.crm.contactsTest.CreateContactTest" name="createContactWithEndDateTest" time="3.12"/>
  <testcase classname="com.vTiger.crm.contactsTest.CreateContactTest" name="createContactWithOrgTest" time="7.708"/>
  <testcase classname="com.vTiger.crm.organizationTest.CreateOrganizationTest" name="createOrgTest" time="4.324"/>
  <testcase classname="com.vTiger.crm.organizationTest.CreateOrganizationTest" name="createOrgWithIndustryTest" time="3.297"/>
  <testcase classname="com.vTiger.crm.organizationTest.CreateOrganizationTest" name="createOrgWithPhoneTest" time="3.559"/>
  <testcase classname="baseTest.BaseClass" name="@AfterSuite configAS" time="0.0">
    <ignored/>
  </testcase> <!-- @AfterSuite configAS -->
  <testcase classname="baseTest.BaseClass" name="@BeforeSuite configBS" time="0.0">
    <ignored/>
  </testcase> <!-- @BeforeSuite configBS -->
</testsuite> <!-- Test 2 -->
