<?xml version="1.0" encoding="UTF-8"?>
<!-- Generated by org.testng.reporters.JUnitXMLReporter -->
<testsuite ignored="2" hostname="Atul" failures="0" tests="6" name="Test" time="42.315" errors="0" timestamp="2026-09-10T17:41:29 IST">
  <testcase classname="com.vTiger.crm.contactsTest.CreateContactTest" name="createContactTest" time="4.841"/>
  <testcase classname="com.vTiger.crm.contactsTest.CreateContactTest" name="createContactWithEndDateTest" time="3.53"/>
  <testcase classname="com.vTiger.crm.contactsTest.CreateContactTest" name="createContactWithOrgTest" time="7.782"/>
  <testcase classname="com.vTiger.crm.organizationTest.CreateOrganizationTest" name="createOrgTest" time="4.556"/>
  <testcase classname="com.vTiger.crm.organizationTest.CreateOrganizationTest" name="createOrgWithIndustryTest" time="3.405"/>
  <testcase classname="com.vTiger.crm.organizationTest.CreateOrganizationTest" name="createOrgWithPhoneTest" time="3.038"/>
  <testcase classname="baseTest.BaseClass" name="@AfterSuite configAS" time="0.0">
    <ignored/>
  </testcase> <!-- @AfterSuite configAS -->
  <testcase classname="baseTest.BaseClass" name="@BeforeSuite configBS" time="0.0">
    <ignored/>
  </testcase> <!-- @BeforeSuite configBS -->
</testsuite> <!-- Test -->
