<?xml version="1.0" encoding="UTF-8"?>
<!-- Generated by org.testng.reporters.JUnitXMLReporter -->
<testsuite ignored="2" hostname="Atul" failures="0" tests="6" name="Test 1" time="41.515" errors="0" timestamp="2026-09-08T21:55:15 IST">
  <testcase classname="com.vTiger.crm.contactsTest.CreateContactTest" name="createContactTest" time="4.701"/>
  <testcase classname="com.vTiger.crm.contactsTest.CreateContactTest" name="createContactWithEndDateTest" time="3.275"/>
  <testcase classname="com.vTiger.crm.contactsTest.CreateContactTest" name="createContactWithOrgTest" time="7.864"/>
  <testcase classname="com.vTiger.crm.organizationTest.CreateOrganizationTest" name="createOrgTest" time="3.638"/>
  <testcase classname="com.vTiger.crm.organizationTest.CreateOrganizationTest" name="createOrgWithIndustryTest" time="3.328"/>
  <testcase classname="com.vTiger.crm.organizationTest.CreateOrganizationTest" name="createOrgWithPhoneTest" time="3.53"/>
  <testcase classname="baseTest.BaseClass" name="@AfterSuite configAS" time="0.0">
    <ignored/>
  </testcase> <!-- @AfterSuite configAS -->
  <testcase classname="baseTest.BaseClass" name="@BeforeSuite configBS" time="0.0">
    <ignored/>
  </testcase> <!-- @BeforeSuite configBS -->
</testsuite> <!-- Test 1 -->
