<?xml version="1.0" encoding="UTF-8"?>
<!-- Generated by org.testng.reporters.JUnitReportReporter -->
<testsuite hostname="Atul" failures="0" tests="3" name="dataProviders.ContactDataProviderTest" time="30.814" errors="0" timestamp="2026-09-08T15:46:52 IST" skipped="0">
  <testcase classname="dataProviders.ContactDataProviderTest" name="createContactWithOrgTest" time="10.548"/>
  <testcase classname="dataProviders.ContactDataProviderTest" name="createContactWithOrgTest" time="11.864"/>
  <testcase classname="dataProviders.ContactDataProviderTest" name="createContactWithOrgTest" time="8.402"/>
</testsuite> <!-- dataProviders.ContactDataProviderTest -->
