<?xml version="1.0" encoding="UTF-8"?>
<!-- Generated by org.testng.reporters.JUnitReportReporter -->
<testsuite hostname="Atul" failures="0" tests="3" name="com.vTiger.crm.organizationTest.CreateOrganizationTest" time="16.639" errors="0" timestamp="2026-09-10T17:41:30 IST" skipped="0">
  <testcase classname="com.vTiger.crm.organizationTest.CreateOrganizationTest" name="createOrgWithIndustryTest" time="4.902"/>
  <testcase classname="com.vTiger.crm.organizationTest.CreateOrganizationTest" name="createOrgWithPhoneTest" time="4.999"/>
  <testcase classname="com.vTiger.crm.organizationTest.CreateOrganizationTest" name="createOrgTest" time="6.738"/>
  <system-out>
    <![CDATA[SUITE STARTED ---> Suite
=====DataBase Connection Open=======
=====BROWSER LAUNCH=======
=====LOGIN=======
=====LOGOUT=======
=====LOGIN=======
=====LOGOUT=======
=====LOGIN=======
=====LOGOUT=======
=====CLOSE BROWSER=======
=====BROWSER LAUNCH=======
=====LOGIN=======
=====LOGOUT=======
=====LOGIN=======
=====LOGOUT=======
=====LOGIN=======
=====LOGOUT=======
=====CLOSE BROWSER=======
=====DataBase Connection Closed=======]]>
  </system-out>
</testsuite> <!-- com.vTiger.crm.organizationTest.CreateOrganizationTest -->
