<?xml version="1.0" encoding="UTF-8"?>
<!-- Generated by org.testng.reporters.JUnitReportReporter -->
<testsuite hostname="Atul" failures="0" tests="1" name="listenerPractice.CreateContactListener" time="12.039" errors="0" timestamp="2026-09-11T15:12:42 IST" skipped="0">
  <testcase classname="listenerPractice.CreateContactListener" name="createOrgTest" time="12.039">
    <system-out>
      <![CDATA[This is from TestNG]]>
    </system-out>
  </testcase> <!-- createOrgTest -->
  <system-out>
    <![CDATA[SUITE STARTED ---> Default suite
=====DataBase Connection Open=======
=====BROWSER LAUNCH=======
=====LOGIN=======
This is from TestNG
=====LOGOUT=======
=====CLOSE BROWSER=======
=====DataBase Connection Closed=======]]>
  </system-out>
</testsuite> <!-- listenerPractice.CreateContactListener -->
