<?xml version="1.0" encoding="UTF-8"?>
<!-- Generated by org.testng.reporters.JUnitReportReporter -->
<testsuite hostname="Atul" failures="0" tests="3" name="com.vTiger.crm.contactsTest.CreateContactTest" time="95.757" errors="0" timestamp="2026-09-17T14:07:41 IST" skipped="0">
  <testcase classname="com.vTiger.crm.contactsTest.CreateContactTest" name="createContactTest" time="81.539"/>
  <testcase classname="com.vTiger.crm.contactsTest.CreateContactTest" name="createContactWithOrgTest" time="9.506"/>
  <testcase classname="com.vTiger.crm.contactsTest.CreateContactTest" name="createContactWithEndDateTest" time="4.712"/>
  <system-out>
    <![CDATA[SUITE STARTED ---> Default suite
=====DataBase Connection Open=======
=====BROWSER LAUNCH=======
=====LOGIN=======
=====LOGOUT=======
=====LOGIN=======
=====LOGOUT=======
=====LOGIN=======
=====LOGOUT=======
=====CLOSE BROWSER=======
=====DataBase Connection Closed=======]]>
  </system-out>
</testsuite> <!-- com.vTiger.crm.contactsTest.CreateContactTest -->
